✱ Running bash -c "nsys profile --stats=true ./m2"   \\ Output will appear after run is complete.
**** collection configuration ****
	force-overwrite = false
	stop-on-exit = true
	export_sqlite = true
	stats = true
	capture-range = none
	stop-on-range-end = false
	Beta: ftrace events:
	ftrace-keep-user-config = false
	trace-GPU-context-switch = false
	delay = 0 seconds
	duration = 0 seconds
	kill = signal number 15
	inherit-environment = true
	show-output = true
	trace-fork-before-exec = false
	sample_cpu = true
	backtrace_method = LBR
	wait = all
	trace_cublas = false
	trace_cuda = true
	trace_cudnn = false
	trace_nvtx = true
	trace_mpi = false
	trace_openacc = false
	trace_vulkan = false
	trace_opengl = true
	trace_osrt = true
	osrt-threshold = 0 nanoseconds
	cudabacktrace = false
	cudabacktrace-threshold = 0 nanoseconds
	profile_processes = tree
	application command = ./m2
	application arguments =
	application working directory = /build
	NVTX profiler range trigger =
	NVTX profiler domain trigger =
	environment variables:
	Collecting data...
Running test case 1
B = 1 M = 3 C = 3 H = 224 W = 224 K = 3 S = 1
DimBlock: 16x16x1
DimGrid: 3x196x1
Running test case 2
B = 2 M = 3 C = 3 H = 301 W = 301 K = 3 S = 2
DimBlock: 16x16x1
DimGrid: 3x100x2
Running test case 3
B = 3 M = 3 C = 3 H = 196 W = 196 K = 3 S = 3
DimBlock: 16x16x1
DimGrid: 3x25x3
Running test case 4
B = 4 M = 3 C = 3 H = 239 W = 239 K = 3 S = 4
DimBlock: 16x16x1
DimGrid: 3x16x4
All test cases passed
Test batch size: 10000
Loading fashion-mnist data...Done
Loading model...Done
Conv-GPU==
DimBlock: 16x16x1
DimGrid: 4x25x10000
Layer Time: 653.545 ms
Op Time: 23.8242 ms
Conv-GPU==
DimBlock: 16x16x1
DimGrid: 16x9x10000
Layer Time: 536.153 ms
Op Time: 91.0784 ms

Test Accuracy: 0.8714

	Generating the /build/report1.qdstrm file.
	Capturing raw events...

	**** WARNING: The collection generated 658635 total events. ****
	Importing this QDSTRM file into the NVIDIA Nsight Systems GUI may take several minutes to complete.

	Capturing symbol files...
	Saving diagnostics...
	Saving qdstrm file to disk...
	Finished saving file.


Importing the qdstrm file using /opt/nvidia/nsight-systems/2019.5.2/host-linux-x64/QdstrmImporter.

Importing...

Importing [==================================================100%]
Saving report to file "/build/report1.qdrep"
Report file saved.
Please discard the qdstrm file and use the qdrep file instead.

Removed /build/report1.qdstrm as it was successfully imported.
Please use the qdrep file instead.

Exporting the qdrep file to SQLite database using /opt/nvidia/nsight-systems/2019.5.2/host-linux-x64/nsys-exporter.

Exporting 658533 events:

0%   10   20   30   40   50   60   70   80   90   100%
|----|----|----|----|----|----|----|----|----|----|
***************************************************

Exported successfully to
/build/report1.sqlite

Generating CUDA API Statistics...
CUDA API Statistics (nanoseconds)

Time(%)      Total Time       Calls         Average         Minimum         Maximum  Name
-------  --------------  ----------  --------------  --------------  --------------  --------------------------------------------------------------------------------
   73.0      1075089642          20      53754482.1           30148       588159861  cudaMemcpy
   17.8       262770868          20      13138543.4            2011       256649812  cudaMalloc
    7.8       114884544          16       7180284.0             830        91012370  cudaDeviceSynchronize
    1.1        16529877          10       1652987.7           16019        16292430  cudaLaunchKernel
    0.2         3396925          20        169846.3            3623          900446  cudaFree




Generating CUDA Kernel Statistics...

Generating CUDA Memory Operation Statistics...
CUDA Kernel Statistics (nanoseconds)

Time(%)      Total Time   Instances         Average         Minimum         Maximum  Name
-------  --------------  ----------  --------------  --------------  --------------  --------------------------------------------------------------------------------
  100.0       114849152           6      19141525.3            8704        91009820  conv_forward_kernel
    0.0            2688           2          1344.0            1280            1408  do_not_remove_this_kernel
    0.0            2592           2          1296.0            1280            1312  prefn_marker_kernel


CUDA Memory Operation Statistics (nanoseconds)

Time(%)      Total Time  Operations         Average         Minimum         Maximum  Name
-------  --------------  ----------  --------------  --------------  --------------  --------------------------------------------------------------------------------
   93.0       993075733           6     165512622.2           12672       587182468  [CUDA memcpy DtoH]
    7.0        75012692          14       5358049.4            1152        38763574  [CUDA memcpy HtoD]


CUDA Memory Operation Statistics (KiB)

            Total      Operations            Average            Minimum            Maximum  Name
-----------------  --------------  -----------------  -----------------  -----------------  --------------------------------------------------------------------------------
        1723922.0               6           287320.4            148.535          1000000.0  [CUDA memcpy DtoH]
         545660.0              14            38975.7              0.004           288906.0  [CUDA memcpy HtoD]




Generating Operating System Runtime API Statistics...
Operating System Runtime API Statistics (nanoseconds)

Time(%)      Total Time       Calls         Average         Minimum         Maximum  Name
-------  --------------  ----------  --------------  --------------  --------------  --------------------------------------------------------------------------------
   33.3     97814424982         992      98603251.0           51445       100231384  sem_timedwait
   33.3     97801599319         991      98689807.6           79350       100244087  poll
   20.5     60248798357           2   30124399178.5     21828315161     38420483196  pthread_cond_wait
   12.8     37510988615          75     500146514.9       500097302       500164969  pthread_cond_timedwait
    0.1       158668227         947        167548.3            1094        17301233  ioctl
    0.0        31875690       13943          2286.1            1072           18838  read
    0.0         3412703          98         34823.5            1290         1309158  mmap
    0.0         1440238         101         14259.8            3896           27155  open64
    0.0          326469          26         12556.5            1096          249473  fopen
    0.0          287962           5         57592.4           34927          111421  pthread_create
    0.0          281553          19         14818.6            3627           54013  fopen64
    0.0          134080           3         44693.3           40614           49690  fgets
    0.0          117312          22          5332.4            1012            8968  fflush
    0.0           94497          15          6299.8            2236           10739  write
    0.0           94479          18          5248.8            1176           18048  munmap
    0.0           60375          20          3018.8            1051            7717  fclose
    0.0           54146          41          1320.6            1007            1761  fcntl
    0.0           27376           5          5475.2            2835            7351  open
    0.0           14507           2          7253.5            4351           10156  pthread_cond_signal
    0.0            9883           2          4941.5            4546            5337  socket
    0.0            6757           1          6757.0            6757            6757  connect
    0.0            6546           1          6546.0            6546            6546  pipe2
    0.0            6172           3          2057.3            1132            3491  fwrite
    0.0            1722           1          1722.0            1722            1722  bind




Generating NVTX Push-Pop Range Statistics...
NVTX Push-Pop Range Statistics (nanoseconds)
✱ The build folder has been uploaded to http://s3.amazonaws.com/files.rai-project.com/userdata/build-6541925fdbc2512c5369c2e3.tar.gz. The data will be present for only a short duration of time.